2023-09-27 19:55:59,691 INFO  [restartedMain] com.runners.HospitalProjectApplication:Starting HospitalProjectApplication using Java 11.0.16 on fatma with PID 4116 (C:\Users\Fatma Turan\IdeaProjects\hospital\target\classes started by Fatma Turan in C:\Users\Fatma Turan\IdeaProjects\hospital)
2023-09-27 19:55:59,709 INFO  [restartedMain] com.runners.HospitalProjectApplication:No active profile set, falling back to default profiles: default
2023-09-27 19:55:59,910 INFO  [restartedMain] org.springframework.boot.devtools.env.DevToolsPropertyDefaultsPostProcessor:Devtools property defaults active! Set 'spring.devtools.add-properties' to 'false' to disable
2023-09-27 19:55:59,911 INFO  [restartedMain] org.springframework.boot.devtools.env.DevToolsPropertyDefaultsPostProcessor:For additional web related logging consider setting the 'logging.level.web' property to 'DEBUG'
2023-09-27 19:56:03,584 INFO  [restartedMain] org.springframework.data.repository.config.RepositoryConfigurationDelegate:Bootstrapping Spring Data JPA repositories in DEFAULT mode.
2023-09-27 19:56:03,859 INFO  [restartedMain] org.springframework.data.repository.config.RepositoryConfigurationDelegate:Finished Spring Data repository scanning in 244 ms. Found 5 JPA repository interfaces.
2023-09-27 19:56:07,014 INFO  [restartedMain] org.springframework.boot.web.embedded.tomcat.TomcatWebServer:Tomcat initialized with port(s): 8080 (http)
2023-09-27 19:56:07,041 INFO  [restartedMain] org.apache.catalina.core.StandardService:Starting service [Tomcat]
2023-09-27 19:56:07,042 INFO  [restartedMain] org.apache.catalina.core.StandardEngine:Starting Servlet engine: [Apache Tomcat/9.0.56]
2023-09-27 19:56:07,264 INFO  [restartedMain] org.apache.catalina.core.ContainerBase.[Tomcat].[localhost].[/]:Initializing Spring embedded WebApplicationContext
2023-09-27 19:56:07,265 INFO  [restartedMain] org.springframework.boot.web.servlet.context.ServletWebServerApplicationContext:Root WebApplicationContext: initialization completed in 7352 ms
2023-09-27 19:56:07,957 INFO  [restartedMain] org.hibernate.jpa.internal.util.LogHelper:HHH000204: Processing PersistenceUnitInfo [name: default]
2023-09-27 19:56:08,099 INFO  [restartedMain] org.hibernate.Version:HHH000412: Hibernate ORM core version 5.6.4.Final
2023-09-27 19:56:08,543 INFO  [restartedMain] org.hibernate.annotations.common.Version:HCANN000001: Hibernate Commons Annotations {5.1.2.Final}
2023-09-27 19:56:08,821 INFO  [restartedMain] com.zaxxer.hikari.HikariDataSource:HikariPool-1 - Starting...
2023-09-27 19:56:09,478 INFO  [restartedMain] com.zaxxer.hikari.HikariDataSource:HikariPool-1 - Start completed.
2023-09-27 19:56:09,529 INFO  [restartedMain] org.hibernate.dialect.Dialect:HHH000400: Using dialect: org.hibernate.dialect.PostgreSQLDialect
2023-09-27 19:56:12,084 INFO  [restartedMain] org.hibernate.engine.transaction.jta.platform.internal.JtaPlatformInitiator:HHH000490: Using JtaPlatform implementation: [org.hibernate.engine.transaction.jta.platform.internal.NoJtaPlatform]
2023-09-27 19:56:12,101 INFO  [restartedMain] org.springframework.orm.jpa.LocalContainerEntityManagerFactoryBean:Initialized JPA EntityManagerFactory for persistence unit 'default'
2023-09-27 19:56:13,347 WARN  [restartedMain] org.springframework.boot.autoconfigure.orm.jpa.JpaBaseConfiguration$JpaWebConfiguration:spring.jpa.open-in-view is enabled by default. Therefore, database queries may be performed during view rendering. Explicitly configure spring.jpa.open-in-view to disable this warning
2023-09-27 19:56:13,758 INFO  [restartedMain] org.springframework.security.web.DefaultSecurityFilterChain:Will secure any request with [org.springframework.security.web.context.request.async.WebAsyncManagerIntegrationFilter@5cf916a6, org.springframework.security.web.context.SecurityContextPersistenceFilter@33fab828, org.springframework.security.web.header.HeaderWriterFilter@2e352e9a, org.springframework.security.web.authentication.logout.LogoutFilter@33b1c33b, org.springframework.security.web.authentication.www.BasicAuthenticationFilter@374796ba, org.springframework.security.web.savedrequest.RequestCacheAwareFilter@63441b05, org.springframework.security.web.servletapi.SecurityContextHolderAwareRequestFilter@3ad94281, org.springframework.security.web.authentication.AnonymousAuthenticationFilter@b2bb9ff, org.springframework.security.web.session.SessionManagementFilter@838e385, org.springframework.security.web.access.ExceptionTranslationFilter@59319ac5, org.springframework.security.web.access.intercept.AuthorizationFilter@17bb8ffc]
2023-09-27 19:56:14,883 INFO  [restartedMain] org.springframework.boot.devtools.autoconfigure.OptionalLiveReloadServer:LiveReload server is running on port 35729
2023-09-27 19:56:14,904 INFO  [restartedMain] org.springframework.boot.actuate.endpoint.web.EndpointLinksResolver:Exposing 4 endpoint(s) beneath base path '/actuator'
2023-09-27 19:56:15,247 INFO  [restartedMain] org.springframework.boot.web.embedded.tomcat.TomcatWebServer:Tomcat started on port(s): 8080 (http) with context path ''
2023-09-27 19:56:15,289 INFO  [restartedMain] com.runners.HospitalProjectApplication:Started HospitalProjectApplication in 17.1 seconds (JVM running for 19.205)
2023-09-27 19:56:28,842 INFO  [http-nio-8080-exec-1] org.apache.catalina.core.ContainerBase.[Tomcat].[localhost].[/]:Initializing Spring DispatcherServlet 'dispatcherServlet'
2023-09-27 19:56:29,215 WARN  [http-nio-8080-exec-1] org.apache.catalina.util.SessionIdGeneratorBase:Creation of SecureRandom instance for session ID generation using [SHA1PRNG] took [292] milliseconds.
2023-09-27 20:34:15,254 INFO  [SpringApplicationShutdownHook] org.springframework.orm.jpa.LocalContainerEntityManagerFactoryBean:Closing JPA EntityManagerFactory for persistence unit 'default'
2023-09-27 20:34:15,285 INFO  [SpringApplicationShutdownHook] com.zaxxer.hikari.HikariDataSource:HikariPool-1 - Shutdown initiated...
2023-09-27 20:34:15,309 INFO  [SpringApplicationShutdownHook] com.zaxxer.hikari.HikariDataSource:HikariPool-1 - Shutdown completed.
